c:\users\thishan\documents\visual studio 2015\projects\readandprint\readandprint\debug\vc140.pdb
c:\users\thishan\documents\visual studio 2015\projects\readandprint\readandprint\debug\textreadingalgorithmcontroller.obj
c:\users\thishan\documents\visual studio 2015\projects\readandprint\readandprint\debug\textreadingalgorithm.obj
c:\users\thishan\documents\visual studio 2015\projects\readandprint\readandprint\debug\readandprint.obj
c:\users\thishan\documents\visual studio 2015\projects\readandprint\readandprint\debug\main.obj
c:\users\thishan\documents\visual studio 2015\projects\readandprint\readandprint\debug\moc_readandprint.obj
c:\users\thishan\documents\visual studio 2015\projects\readandprint\readandprint\debug\qrc_readandprint.obj
c:\users\thishan\documents\visual studio 2015\projects\readandprint\readandprint\generatedfiles\debug\moc_readandprint.cpp
c:\users\thishan\documents\visual studio 2015\projects\readandprint\readandprint\generatedfiles\ui_readandprint.h
c:\users\thishan\documents\visual studio 2015\projects\readandprint\readandprint\generatedfiles\qrc_readandprint.cpp
c:\users\thishan\documents\visual studio 2015\projects\readandprint\win32\debug\readandprint.ilk
c:\users\thishan\documents\visual studio 2015\projects\readandprint\win32\debug\readandprint.exe
c:\users\thishan\documents\visual studio 2015\projects\readandprint\win32\debug\readandprint.pdb
c:\users\thishan\documents\visual studio 2015\projects\readandprint\readandprint\debug\readandprint.tlog\cl.command.1.tlog
c:\users\thishan\documents\visual studio 2015\projects\readandprint\readandprint\debug\readandprint.tlog\cl.read.1.tlog
c:\users\thishan\documents\visual studio 2015\projects\readandprint\readandprint\debug\readandprint.tlog\cl.write.1.tlog
c:\users\thishan\documents\visual studio 2015\projects\readandprint\readandprint\debug\readandprint.tlog\custombuild.command.1.tlog
c:\users\thishan\documents\visual studio 2015\projects\readandprint\readandprint\debug\readandprint.tlog\custombuild.read.1.tlog
c:\users\thishan\documents\visual studio 2015\projects\readandprint\readandprint\debug\readandprint.tlog\custombuild.write.1.tlog
c:\users\thishan\documents\visual studio 2015\projects\readandprint\readandprint\debug\readandprint.tlog\link.command.1.tlog
c:\users\thishan\documents\visual studio 2015\projects\readandprint\readandprint\debug\readandprint.tlog\link.read.1.tlog
c:\users\thishan\documents\visual studio 2015\projects\readandprint\readandprint\debug\readandprint.tlog\link.write.1.tlog
